# JRE version: Java(TM) SE Runtime Environment (8.0_281-b09) (build 1.8.0_281-b09)
# Java VM: Java HotSpot(TM) 64-Bit Server VM (25.281-b09 mixed mode windows-amd64 compressed oops)
Heap:
 PSYoungGen      total 378880K, used 262496K [0x00000000d5f80000, 0x00000000eec80000, 0x0000000100000000)
  eden space 359424K, 71% used [0x00000000d5f80000,0x00000000e5b003c0,0x00000000ebe80000)
  from space 19456K, 25% used [0x00000000ed980000,0x00000000ede58020,0x00000000eec80000)
  to   space 23552K, 0% used [0x00000000ebe80000,0x00000000ebe80000,0x00000000ed580000)
 ParOldGen       total 128000K, used 78458K [0x0000000081e00000, 0x0000000089b00000, 0x00000000d5f80000)
  object space 128000K, 61% used [0x0000000081e00000,0x0000000086a9ea10,0x0000000089b00000)
 Metaspace       used 14290K, capacity 14424K, committed 14464K, reserved 1062912K
  class space    used 1572K, capacity 1626K, committed 1664K, reserved 1048576K
GC Heap History (10 events):
Event: 186.970 GC heap before
{Heap before GC invocations=13 (full 0):
 PSYoungGen      total 180736K, used 173164K [0x00000000d5f80000, 0x00000000e2880000, 0x0000000100000000)
  eden space 157184K, 100% used [0x00000000d5f80000,0x00000000df900000,0x00000000df900000)
  from space 23552K, 67% used [0x00000000e1080000,0x00000000e201b038,0x00000000e2780000)
  to   space 24064K, 0% used [0x00000000df900000,0x00000000df900000,0x00000000e1080000)
 ParOldGen       total 87552K, used 68742K [0x0000000081e00000, 0x0000000087380000, 0x00000000d5f80000)
  object space 87552K, 78% used [0x0000000081e00000,0x0000000086121b78,0x0000000087380000)
 Metaspace       used 14149K, capacity 14296K, committed 14464K, reserved 1062912K
  class space    used 1564K, capacity 1626K, committed 1664K, reserved 1048576K
Event: 187.019 GC heap after
Heap after GC invocations=13 (full 0):
 PSYoungGen      total 181248K, used 3712K [0x00000000d5f80000, 0x00000000e8580000, 0x0000000100000000)
  eden space 157184K, 0% used [0x00000000d5f80000,0x00000000d5f80000,0x00000000df900000)
  from space 24064K, 15% used [0x00000000df900000,0x00000000dfca0010,0x00000000e1080000)
  to   space 24576K, 0% used [0x00000000e6d80000,0x00000000e6d80000,0x00000000e8580000)
 ParOldGen       total 87552K, used 82931K [0x0000000081e00000, 0x0000000087380000, 0x00000000d5f80000)
  object space 87552K, 94% used [0x0000000081e00000,0x0000000086efcd50,0x0000000087380000)
 Metaspace       used 14149K, capacity 14296K, committed 14464K, reserved 1062912K
  class space    used 1564K, capacity 1626K, committed 1664K, reserved 1048576K
}
Event: 187.019 GC heap before
{Heap before GC invocations=14 (full 1):
 PSYoungGen      total 181248K, used 3712K [0x00000000d5f80000, 0x00000000e8580000, 0x0000000100000000)
  eden space 157184K, 0% used [0x00000000d5f80000,0x00000000d5f80000,0x00000000df900000)
  from space 24064K, 15% used [0x00000000df900000,0x00000000dfca0010,0x00000000e1080000)
  to   space 24576K, 0% used [0x00000000e6d80000,0x00000000e6d80000,0x00000000e8580000)
 ParOldGen       total 87552K, used 82931K [0x0000000081e00000, 0x0000000087380000, 0x00000000d5f80000)
  object space 87552K, 94% used [0x0000000081e00000,0x0000000086efcd50,0x0000000087380000)
 Metaspace       used 14149K, capacity 14296K, committed 14464K, reserved 1062912K
  class space    used 1564K, capacity 1626K, committed 1664K, reserved 1048576K
Event: 187.650 GC heap after
Heap after GC invocations=14 (full 1):
 PSYoungGen      total 181248K, used 0K [0x00000000d5f80000, 0x00000000e8580000, 0x0000000100000000)
  eden space 157184K, 0% used [0x00000000d5f80000,0x00000000d5f80000,0x00000000df900000)
  from space 24064K, 0% used [0x00000000df900000,0x00000000df900000,0x00000000e1080000)
  to   space 24576K, 0% used [0x00000000e6d80000,0x00000000e6d80000,0x00000000e8580000)
 ParOldGen       total 128000K, used 70178K [0x0000000081e00000, 0x0000000089b00000, 0x00000000d5f80000)
  object space 128000K, 54% used [0x0000000081e00000,0x00000000862889e0,0x0000000089b00000)
 Metaspace       used 14149K, capacity 14296K, committed 14464K, reserved 1062912K
  class space    used 1564K, capacity 1626K, committed 1664K, reserved 1048576K
}
Event: 190.291 GC heap before
{Heap before GC invocations=15 (full 1):
 PSYoungGen      total 181248K, used 157184K [0x00000000d5f80000, 0x00000000e8580000, 0x0000000100000000)
  eden space 157184K, 100% used [0x00000000d5f80000,0x00000000df900000,0x00000000df900000)
  from space 24064K, 0% used [0x00000000df900000,0x00000000df900000,0x00000000e1080000)
  to   space 24576K, 0% used [0x00000000e6d80000,0x00000000e6d80000,0x00000000e8580000)
 ParOldGen       total 128000K, used 70178K [0x0000000081e00000, 0x0000000089b00000, 0x00000000d5f80000)
  object space 128000K, 54% used [0x0000000081e00000,0x00000000862889e0,0x0000000089b00000)
 Metaspace       used 14168K, capacity 14360K, committed 14464K, reserved 1062912K
  class space    used 1568K, capacity 1626K, committed 1664K, reserved 1048576K
Event: 190.301 GC heap after
Heap after GC invocations=15 (full 1):
 PSYoungGen      total 250880K, used 3360K [0x00000000d5f80000, 0x00000000e7900000, 0x0000000100000000)
  eden space 239104K, 0% used [0x00000000d5f80000,0x00000000d5f80000,0x00000000e4900000)
  from space 11776K, 28% used [0x00000000e6d80000,0x00000000e70c8030,0x00000000e7900000)
  to   space 24576K, 0% used [0x00000000e4900000,0x00000000e4900000,0x00000000e6100000)
 ParOldGen       total 128000K, used 70178K [0x0000000081e00000, 0x0000000089b00000, 0x00000000d5f80000)
  object space 128000K, 54% used [0x0000000081e00000,0x00000000862889e0,0x0000000089b00000)
 Metaspace       used 14168K, capacity 14360K, committed 14464K, reserved 1062912K
  class space    used 1568K, capacity 1626K, committed 1664K, reserved 1048576K
}
Event: 193.287 GC heap before
{Heap before GC invocations=16 (full 1):
 PSYoungGen      total 250880K, used 242464K [0x00000000d5f80000, 0x00000000e7900000, 0x0000000100000000)
  eden space 239104K, 100% used [0x00000000d5f80000,0x00000000e4900000,0x00000000e4900000)
  from space 11776K, 28% used [0x00000000e6d80000,0x00000000e70c8030,0x00000000e7900000)
  to   space 24576K, 0% used [0x00000000e4900000,0x00000000e4900000,0x00000000e6100000)
 ParOldGen       total 128000K, used 70178K [0x0000000081e00000, 0x0000000089b00000, 0x00000000d5f80000)
  object space 128000K, 54% used [0x0000000081e00000,0x00000000862889e0,0x0000000089b00000)
 Metaspace       used 14234K, capacity 14360K, committed 14464K, reserved 1062912K
  class space    used 1570K, capacity 1626K, committed 1664K, reserved 1048576K
Event: 193.343 GC heap after
Heap after GC invocations=16 (full 1):
 PSYoungGen      total 263680K, used 5120K [0x00000000d5f80000, 0x00000000ef100000, 0x0000000100000000)
  eden space 239104K, 0% used [0x00000000d5f80000,0x00000000d5f80000,0x00000000e4900000)
  from space 24576K, 20% used [0x00000000e4900000,0x00000000e4e00010,0x00000000e6100000)
  to   space 24064K, 0% used [0x00000000ed980000,0x00000000ed980000,0x00000000ef100000)
 ParOldGen       total 128000K, used 73378K [0x0000000081e00000, 0x0000000089b00000, 0x00000000d5f80000)
  object space 128000K, 57% used [0x0000000081e00000,0x00000000865a8a00,0x0000000089b00000)
 Metaspace       used 14234K, capacity 14360K, committed 14464K, reserved 1062912K
  class space    used 1570K, capacity 1626K, committed 1664K, reserved 1048576K
}
Event: 197.209 GC heap before
{Heap before GC invocations=17 (full 1):
 PSYoungGen      total 263680K, used 244224K [0x00000000d5f80000, 0x00000000ef100000, 0x0000000100000000)
  eden space 239104K, 100% used [0x00000000d5f80000,0x00000000e4900000,0x00000000e4900000)
  from space 24576K, 20% used [0x00000000e4900000,0x00000000e4e00010,0x00000000e6100000)
  to   space 24064K, 0% used [0x00000000ed980000,0x00000000ed980000,0x00000000ef100000)
 ParOldGen       total 128000K, used 73378K [0x0000000081e00000, 0x0000000089b00000, 0x00000000d5f80000)
  object space 128000K, 57% used [0x0000000081e00000,0x00000000865a8a00,0x0000000089b00000)
 Metaspace       used 14281K, capacity 14424K, committed 14464K, reserved 1062912K
  class space    used 1572K, capacity 1626K, committed 1664K, reserved 1048576K
Event: 197.230 GC heap after
Heap after GC invocations=17 (full 1):
 PSYoungGen      total 378880K, used 4960K [0x00000000d5f80000, 0x00000000eec80000, 0x0000000100000000)
  eden space 359424K, 0% used [0x00000000d5f80000,0x00000000d5f80000,0x00000000ebe80000)
  from space 19456K, 25% used [0x00000000ed980000,0x00000000ede58020,0x00000000eec80000)
  to   space 23552K, 0% used [0x00000000ebe80000,0x00000000ebe80000,0x00000000ed580000)
 ParOldGen       total 128000K, used 78458K [0x0000000081e00000, 0x0000000089b00000, 0x00000000d5f80000)
  object space 128000K, 61% used [0x0000000081e00000,0x0000000086a9ea10,0x0000000089b00000)
 Metaspace       used 14281K, capacity 14424K, committed 14464K, reserved 1062912K
  class space    used 1572K, capacity 1626K, committed 1664K, reserved 1048576K
}

