# JRE version: Java(TM) SE Runtime Environment (8.0_281-b09) (build 1.8.0_281-b09)
# Java VM: Java HotSpot(TM) 64-Bit Server VM (25.281-b09 mixed mode windows-amd64 compressed oops)
Heap:
 PSYoungGen      total 566272K, used 10880K [0x00000000d5f80000, 0x00000000ffe80000, 0x0000000100000000)
  eden space 545792K, 0% used [0x00000000d5f80000,0x00000000d5f80000,0x00000000f7480000)
  from space 20480K, 53% used [0x00000000f7480000,0x00000000f7f20000,0x00000000f8880000)
  to   space 19456K, 0% used [0x00000000feb80000,0x00000000feb80000,0x00000000ffe80000)
 ParOldGen       total 87552K, used 81416K [0x0000000081e00000, 0x0000000087380000, 0x00000000d5f80000)
  object space 87552K, 92% used [0x0000000081e00000,0x0000000086d82390,0x0000000087380000)
 Metaspace       used 14495K, capacity 14648K, committed 14720K, reserved 1062912K
  class space    used 1584K, capacity 1658K, committed 1664K, reserved 1048576K
GC Heap History (10 events):
Event: 45.924 GC heap after
Heap after GC invocations=11 (full 0):
 PSYoungGen      total 233984K, used 4992K [0x00000000d5f80000, 0x00000000ed680000, 0x0000000100000000)
  eden space 212992K, 0% used [0x00000000d5f80000,0x00000000d5f80000,0x00000000e2f80000)
  from space 20992K, 23% used [0x00000000e2f80000,0x00000000e3460010,0x00000000e4400000)
  to   space 21504K, 0% used [0x00000000ec180000,0x00000000ec180000,0x00000000ed680000)
 ParOldGen       total 87552K, used 57036K [0x0000000081e00000, 0x0000000087380000, 0x00000000d5f80000)
  object space 87552K, 65% used [0x0000000081e00000,0x00000000855b3290,0x0000000087380000)
 Metaspace       used 14407K, capacity 14584K, committed 14720K, reserved 1062912K
  class space    used 1583K, capacity 1658K, committed 1664K, reserved 1048576K
}
Event: 48.840 GC heap before
{Heap before GC invocations=12 (full 0):
 PSYoungGen      total 233984K, used 217984K [0x00000000d5f80000, 0x00000000ed680000, 0x0000000100000000)
  eden space 212992K, 100% used [0x00000000d5f80000,0x00000000e2f80000,0x00000000e2f80000)
  from space 20992K, 23% used [0x00000000e2f80000,0x00000000e3460010,0x00000000e4400000)
  to   space 21504K, 0% used [0x00000000ec180000,0x00000000ec180000,0x00000000ed680000)
 ParOldGen       total 87552K, used 57036K [0x0000000081e00000, 0x0000000087380000, 0x00000000d5f80000)
  object space 87552K, 65% used [0x0000000081e00000,0x00000000855b3290,0x0000000087380000)
 Metaspace       used 14427K, capacity 14584K, committed 14720K, reserved 1062912K
  class space    used 1583K, capacity 1658K, committed 1664K, reserved 1048576K
Event: 48.876 GC heap after
Heap after GC invocations=12 (full 0):
 PSYoungGen      total 362496K, used 4416K [0x00000000d5f80000, 0x00000000ed680000, 0x0000000100000000)
  eden space 340992K, 0% used [0x00000000d5f80000,0x00000000d5f80000,0x00000000eac80000)
  from space 21504K, 20% used [0x00000000ec180000,0x00000000ec5d0000,0x00000000ed680000)
  to   space 21504K, 0% used [0x00000000eac80000,0x00000000eac80000,0x00000000ec180000)
 ParOldGen       total 87552K, used 61992K [0x0000000081e00000, 0x0000000087380000, 0x00000000d5f80000)
  object space 87552K, 70% used [0x0000000081e00000,0x0000000085a8a2d0,0x0000000087380000)
 Metaspace       used 14427K, capacity 14584K, committed 14720K, reserved 1062912K
  class space    used 1583K, capacity 1658K, committed 1664K, reserved 1048576K
}
Event: 52.871 GC heap before
{Heap before GC invocations=13 (full 0):
 PSYoungGen      total 362496K, used 345408K [0x00000000d5f80000, 0x00000000ed680000, 0x0000000100000000)
  eden space 340992K, 100% used [0x00000000d5f80000,0x00000000eac80000,0x00000000eac80000)
  from space 21504K, 20% used [0x00000000ec180000,0x00000000ec5d0000,0x00000000ed680000)
  to   space 21504K, 0% used [0x00000000eac80000,0x00000000eac80000,0x00000000ec180000)
 ParOldGen       total 87552K, used 61992K [0x0000000081e00000, 0x0000000087380000, 0x00000000d5f80000)
  object space 87552K, 70% used [0x0000000081e00000,0x0000000085a8a2d0,0x0000000087380000)
 Metaspace       used 14448K, capacity 14648K, committed 14720K, reserved 1062912K
  class space    used 1583K, capacity 1658K, committed 1664K, reserved 1048576K
Event: 52.917 GC heap after
Heap after GC invocations=13 (full 0):
 PSYoungGen      total 362496K, used 7360K [0x00000000d5f80000, 0x00000000f9d80000, 0x0000000100000000)
  eden space 340992K, 0% used [0x00000000d5f80000,0x00000000d5f80000,0x00000000eac80000)
  from space 21504K, 34% used [0x00000000eac80000,0x00000000eb3b0020,0x00000000ec180000)
  to   space 20992K, 0% used [0x00000000f8900000,0x00000000f8900000,0x00000000f9d80000)
 ParOldGen       total 87552K, used 66400K [0x0000000081e00000, 0x0000000087380000, 0x00000000d5f80000)
  object space 87552K, 75% used [0x0000000081e00000,0x0000000085ed82f0,0x0000000087380000)
 Metaspace       used 14448K, capacity 14648K, committed 14720K, reserved 1062912K
  class space    used 1583K, capacity 1658K, committed 1664K, reserved 1048576K
}
Event: 56.487 GC heap before
{Heap before GC invocations=14 (full 0):
 PSYoungGen      total 362496K, used 348352K [0x00000000d5f80000, 0x00000000f9d80000, 0x0000000100000000)
  eden space 340992K, 100% used [0x00000000d5f80000,0x00000000eac80000,0x00000000eac80000)
  from space 21504K, 34% used [0x00000000eac80000,0x00000000eb3b0020,0x00000000ec180000)
  to   space 20992K, 0% used [0x00000000f8900000,0x00000000f8900000,0x00000000f9d80000)
 ParOldGen       total 87552K, used 66400K [0x0000000081e00000, 0x0000000087380000, 0x00000000d5f80000)
  object space 87552K, 75% used [0x0000000081e00000,0x0000000085ed82f0,0x0000000087380000)
 Metaspace       used 14471K, capacity 14648K, committed 14720K, reserved 1062912K
  class space    used 1583K, capacity 1658K, committed 1664K, reserved 1048576K
Event: 56.578 GC heap after
Heap after GC invocations=14 (full 0):
 PSYoungGen      total 565760K, used 7712K [0x00000000d5f80000, 0x00000000f9c80000, 0x0000000100000000)
  eden space 545792K, 0% used [0x00000000d5f80000,0x00000000d5f80000,0x00000000f7480000)
  from space 19968K, 38% used [0x00000000f8900000,0x00000000f9088010,0x00000000f9c80000)
  to   space 20480K, 0% used [0x00000000f7480000,0x00000000f7480000,0x00000000f8880000)
 ParOldGen       total 87552K, used 73728K [0x0000000081e00000, 0x0000000087380000, 0x00000000d5f80000)
  object space 87552K, 84% used [0x0000000081e00000,0x0000000086600360,0x0000000087380000)
 Metaspace       used 14471K, capacity 14648K, committed 14720K, reserved 1062912K
  class space    used 1583K, capacity 1658K, committed 1664K, reserved 1048576K
}
Event: 63.891 GC heap before
{Heap before GC invocations=15 (full 0):
 PSYoungGen      total 565760K, used 553504K [0x00000000d5f80000, 0x00000000f9c80000, 0x0000000100000000)
  eden space 545792K, 100% used [0x00000000d5f80000,0x00000000f7480000,0x00000000f7480000)
  from space 19968K, 38% used [0x00000000f8900000,0x00000000f9088010,0x00000000f9c80000)
  to   space 20480K, 0% used [0x00000000f7480000,0x00000000f7480000,0x00000000f8880000)
 ParOldGen       total 87552K, used 73728K [0x0000000081e00000, 0x0000000087380000, 0x00000000d5f80000)
  object space 87552K, 84% used [0x0000000081e00000,0x0000000086600360,0x0000000087380000)
 Metaspace       used 14495K, capacity 14648K, committed 14720K, reserved 1062912K
  class space    used 1584K, capacity 1658K, committed 1664K, reserved 1048576K
Event: 63.945 GC heap after
Heap after GC invocations=15 (full 0):
 PSYoungGen      total 566272K, used 10880K [0x00000000d5f80000, 0x00000000ffe80000, 0x0000000100000000)
  eden space 545792K, 0% used [0x00000000d5f80000,0x00000000d5f80000,0x00000000f7480000)
  from space 20480K, 53% used [0x00000000f7480000,0x00000000f7f20000,0x00000000f8880000)
  to   space 19456K, 0% used [0x00000000feb80000,0x00000000feb80000,0x00000000ffe80000)
 ParOldGen       total 87552K, used 81416K [0x0000000081e00000, 0x0000000087380000, 0x00000000d5f80000)
  object space 87552K, 92% used [0x0000000081e00000,0x0000000086d82390,0x0000000087380000)
 Metaspace       used 14495K, capacity 14648K, committed 14720K, reserved 1062912K
  class space    used 1584K, capacity 1658K, committed 1664K, reserved 1048576K
}
Event: 63.945 GC heap before
{Heap before GC invocations=16 (full 1):
 PSYoungGen      total 566272K, used 10880K [0x00000000d5f80000, 0x00000000ffe80000, 0x0000000100000000)
  eden space 545792K, 0% used [0x00000000d5f80000,0x00000000d5f80000,0x00000000f7480000)
  from space 20480K, 53% used [0x00000000f7480000,0x00000000f7f20000,0x00000000f8880000)
  to   space 19456K, 0% used [0x00000000feb80000,0x00000000feb80000,0x00000000ffe80000)
 ParOldGen       total 87552K, used 81416K [0x0000000081e00000, 0x0000000087380000, 0x00000000d5f80000)
  object space 87552K, 92% used [0x0000000081e00000,0x0000000086d82390,0x0000000087380000)
 Metaspace       used 14495K, capacity 14648K, committed 14720K, reserved 1062912K
  class space    used 1584K, capacity 1658K, committed 1664K, reserved 1048576K

